<?xml version="1.0" encoding="UTF-8"?>
<!-- Generated by org.testng.reporters.JUnitReportReporter -->
<testsuite skipped="0" hostname="ATMECSINLT-087" name="com.atmecs.FrameworkTesting.testscripts.TableTest2" tests="1" failures="0" timestamp="05 Nov 2019 14:50:36 GMT" time="3.591" errors="0">
  <testcase name="tableTesting" time="3.591" classname="com.atmecs.FrameworkTesting.testscripts.TableTest2"/>
</testsuite> <!-- com.atmecs.FrameworkTesting.testscripts.TableTest2 -->
