<?xml version="1.0" encoding="UTF-8"?>
<!-- Generated by org.testng.reporters.JUnitReportReporter -->
<testsuite skipped="0" hostname="ATMECSINLT-087" name="com.atmecs.FrameworkTesting.testscripts.TableTest" tests="1" failures="0" timestamp="05 Nov 2019 14:50:36 GMT" time="11.705" errors="0">
  <testcase name="tableTesting" time="11.705" classname="com.atmecs.FrameworkTesting.testscripts.TableTest"/>
</testsuite> <!-- com.atmecs.FrameworkTesting.testscripts.TableTest -->
