<?xml version="1.0" encoding="UTF-8"?>
<!-- Generated by org.testng.reporters.JUnitReportReporter -->
<testsuite skipped="0" hostname="ATMECSINLT-087" name="com.atmecs.FrameworkTesting.testscripts.TableTest" tests="1" failures="0" timestamp="06 Nov 2019 08:20:27 GMT" time="7.498" errors="0">
  <testcase name="tableTesting" time="7.498" classname="com.atmecs.FrameworkTesting.testscripts.TableTest"/>
</testsuite> <!-- com.atmecs.FrameworkTesting.testscripts.TableTest -->
